<?xml version="1.0" encoding="UTF-8"?>
<!-- Generated by org.testng.reporters.JUnitXMLReporter -->
<testsuite hostname="LAPTOP-E195DL4B" name="Default test" tests="20" failures="0" timestamp="9 Apr 2020 03:03:52 GMT" time="26.385" errors="0">
  <testcase name="methods1" time="7.604" classname="TestCases.IhgTest"/>
  <testcase name="deva" time="0.001" classname="TestCases.Sample2Test"/>
  <testcase name="jack" time="0.002" classname="TestCases.Sample2Test"/>
  <testcase name="jai" time="0.001" classname="TestCases.Sample2Test"/>
  <testcase name="apple" time="0.002" classname="TestCases.Sample1Test"/>
  <testcase name="two" time="0.003" classname="TestCases.AttributesTest"/>
  <testcase name="three" time="0.013" classname="TestCases.AttributesTest"/>
  <testcase name="three" time="0.013" classname="TestCases.AttributesTest"/>
  <testcase name="three" time="0.001" classname="TestCases.AttributesTest"/>
  <testcase name="four" time="0.002" classname="TestCases.AttributesTest"/>
  <testcase name="one" time="0.002" classname="TestCases.AttributesTest"/>
  <testcase name="bangalore" time="0.002" classname="TestCases.Sample3Test"/>
  <testcase name="chengalpattu" time="0.001" classname="TestCases.Sample3Test"/>
  <testcase name="chennai" time="0.002" classname="TestCases.Sample3Test"/>
  <testcase name="apple" time="0.001" classname="TestCases.SampleTest"/>
  <testcase name="inbox" time="0.001" classname="TestCases.Sample4Test"/>
  <testcase name="mail" time="0.001" classname="TestCases.Sample4Test"/>
  <testcase name="sentbox" time="0.001" classname="TestCases.Sample4Test"/>
  <testcase name="facebook" time="0.002" classname="TestCases.Sample5Test"/>
  <testcase name="hangouts" time="0.001" classname="TestCases.Sample5Test"/>
</testsuite> <!-- Default test -->
