<?xml version="1.0" encoding="UTF-8"?>
<testng-results skipped="0" failed="0" total="12" passed="12">
  <reporter-output>
  </reporter-output>
  <suite name="Suite" duration-ms="11734" started-at="2020-04-09T03:15:12Z" finished-at="2020-04-09T03:15:24Z">
    <groups>
    </groups>
    <test name="Test" duration-ms="11734" started-at="2020-04-09T03:15:12Z" finished-at="2020-04-09T03:15:24Z">
      <class name="TestCases.Sample1Test">
        <test-method status="PASS" signature="mango()[pri:0, instance:TestCases.Sample1Test@17550481]" name="mango" is-config="true" duration-ms="6029" started-at="2020-04-09T08:45:12Z" finished-at="2020-04-09T08:45:18Z">
          <reporter-output>
          </reporter-output>
        </test-method> <!-- mango -->
        <test-method status="PASS" signature="orange()[pri:0, instance:TestCases.Sample1Test@17550481]" name="orange" is-config="true" duration-ms="5650" started-at="2020-04-09T08:45:18Z" finished-at="2020-04-09T08:45:24Z">
          <reporter-output>
          </reporter-output>
        </test-method> <!-- orange -->
        <test-method status="PASS" signature="apple()[pri:0, instance:TestCases.Sample1Test@17550481]" name="apple" duration-ms="0" started-at="2020-04-09T08:45:24Z" finished-at="2020-04-09T08:45:24Z">
          <reporter-output>
          </reporter-output>
        </test-method> <!-- apple -->
        <test-method status="PASS" signature="grapes()[pri:0, instance:TestCases.Sample1Test@17550481]" name="grapes" is-config="true" duration-ms="34" started-at="2020-04-09T08:45:24Z" finished-at="2020-04-09T08:45:24Z">
          <reporter-output>
          </reporter-output>
        </test-method> <!-- grapes -->
        <test-method status="PASS" signature="grapes()[pri:0, instance:TestCases.SampleTest@783e6358]" name="grapes" is-config="true" duration-ms="0" started-at="2020-04-09T08:45:24Z" finished-at="2020-04-09T08:45:24Z">
          <reporter-output>
          </reporter-output>
        </test-method> <!-- grapes -->
        <test-method status="PASS" signature="lussy()[pri:0, instance:TestCases.Sample1Test@17550481]" name="lussy" is-config="true" duration-ms="4338" started-at="2020-04-09T08:45:24Z" finished-at="2020-04-09T08:45:28Z">
          <reporter-output>
          </reporter-output>
        </test-method> <!-- lussy -->
        <test-method status="PASS" signature="lussy()[pri:0, instance:TestCases.SampleTest@783e6358]" name="lussy" is-config="true" duration-ms="0" started-at="2020-04-09T08:45:28Z" finished-at="2020-04-09T08:45:28Z">
          <reporter-output>
          </reporter-output>
        </test-method> <!-- lussy -->
      </class> <!-- TestCases.Sample1Test -->
      <class name="TestCases.SampleTest">
        <test-method status="PASS" signature="mango()[pri:0, instance:TestCases.SampleTest@783e6358]" name="mango" is-config="true" duration-ms="10" started-at="2020-04-09T08:45:12Z" finished-at="2020-04-09T08:45:12Z">
          <reporter-output>
          </reporter-output>
        </test-method> <!-- mango -->
        <test-method status="PASS" signature="orange()[pri:0, instance:TestCases.SampleTest@783e6358]" name="orange" is-config="true" duration-ms="0" started-at="2020-04-09T08:45:12Z" finished-at="2020-04-09T08:45:12Z">
          <reporter-output>
          </reporter-output>
        </test-method> <!-- orange -->
        <test-method status="PASS" signature="apple()[pri:0, instance:TestCases.SampleTest@783e6358]" name="apple" duration-ms="1" started-at="2020-04-09T08:45:12Z" finished-at="2020-04-09T08:45:12Z">
          <reporter-output>
          </reporter-output>
        </test-method> <!-- apple -->
        <test-method status="PASS" signature="carrot()[pri:0, instance:TestCases.SampleTest@783e6358]" name="carrot" is-config="true" duration-ms="0" started-at="2020-04-09T08:45:12Z" finished-at="2020-04-09T08:45:12Z">
          <reporter-output>
          </reporter-output>
        </test-method> <!-- carrot -->
      </class> <!-- TestCases.SampleTest -->
    </test> <!-- Test -->
  </suite> <!-- Suite -->
  <suite name="Suite (1)" duration-ms="0" started-at="2020-04-09T03:15:28Z" finished-at="2020-04-09T03:15:28Z">
    <groups>
    </groups>
    <test name="Test" duration-ms="0" started-at="2020-04-09T03:15:28Z" finished-at="2020-04-09T03:15:28Z">
      <class name="TestCases.Sample3Test">
        <test-method status="PASS" signature="chennai()[pri:0, instance:TestCases.Sample3Test@6df97b55]" name="chennai" duration-ms="0" started-at="2020-04-09T08:45:28Z" finished-at="2020-04-09T08:45:28Z">
          <reporter-output>
          </reporter-output>
        </test-method> <!-- chennai -->
        <test-method status="PASS" signature="bangalore()[pri:0, instance:TestCases.Sample3Test@6df97b55]" name="bangalore" duration-ms="0" started-at="2020-04-09T08:45:28Z" finished-at="2020-04-09T08:45:28Z">
          <reporter-output>
          </reporter-output>
        </test-method> <!-- bangalore -->
        <test-method status="PASS" signature="chengalpattu()[pri:0, instance:TestCases.Sample3Test@6df97b55]" name="chengalpattu" duration-ms="0" started-at="2020-04-09T08:45:28Z" finished-at="2020-04-09T08:45:28Z">
          <reporter-output>
          </reporter-output>
        </test-method> <!-- chengalpattu -->
      </class> <!-- TestCases.Sample3Test -->
    </test> <!-- Test -->
  </suite> <!-- Suite (1) -->
  <suite name="Suite (0)" duration-ms="6" started-at="2020-04-09T03:15:28Z" finished-at="2020-04-09T03:15:28Z">
    <groups>
    </groups>
    <test name="Test" duration-ms="6" started-at="2020-04-09T03:15:28Z" finished-at="2020-04-09T03:15:28Z">
      <class name="TestCases.Sample2Test">
        <test-method status="PASS" signature="jai()[pri:0, instance:TestCases.Sample2Test@1936f0f5]" name="jai" duration-ms="0" started-at="2020-04-09T08:45:28Z" finished-at="2020-04-09T08:45:28Z">
          <reporter-output>
          </reporter-output>
        </test-method> <!-- jai -->
        <test-method status="PASS" signature="deva()[pri:0, instance:TestCases.Sample2Test@1936f0f5]" name="deva" duration-ms="0" started-at="2020-04-09T08:45:28Z" finished-at="2020-04-09T08:45:28Z">
          <reporter-output>
          </reporter-output>
        </test-method> <!-- deva -->
      </class> <!-- TestCases.Sample2Test -->
    </test> <!-- Test -->
  </suite> <!-- Suite (0) -->
  <suite name="Suite (3)" duration-ms="0" started-at="2020-04-09T03:15:28Z" finished-at="2020-04-09T03:15:28Z">
    <groups>
      <group name="regression">
        <method signature="Sample4Test.inbox()[pri:0, instance:TestCases.Sample4Test@50f8360d]" name="inbox" class="TestCases.Sample4Test"/>
        <method signature="Sample4Test.mail()[pri:0, instance:TestCases.Sample4Test@50f8360d]" name="mail" class="TestCases.Sample4Test"/>
      </group> <!-- regression -->
      <group name="smoke">
        <method signature="Sample5Test.hangouts()[pri:0, instance:TestCases.Sample5Test@61dc03ce]" name="hangouts" class="TestCases.Sample5Test"/>
      </group> <!-- smoke -->
    </groups>
    <test name="Test" duration-ms="0" started-at="2020-04-09T03:15:28Z" finished-at="2020-04-09T03:15:28Z">
      <class name="TestCases.Sample4Test">
        <test-method status="PASS" signature="mail()[pri:0, instance:TestCases.Sample4Test@50f8360d]" name="mail" duration-ms="0" started-at="2020-04-09T08:45:28Z" finished-at="2020-04-09T08:45:28Z">
          <reporter-output>
          </reporter-output>
        </test-method> <!-- mail -->
        <test-method status="PASS" signature="inbox()[pri:0, instance:TestCases.Sample4Test@50f8360d]" name="inbox" duration-ms="0" started-at="2020-04-09T08:45:28Z" finished-at="2020-04-09T08:45:28Z">
          <reporter-output>
          </reporter-output>
        </test-method> <!-- inbox -->
      </class> <!-- TestCases.Sample4Test -->
      <class name="TestCases.Sample5Test">
        <test-method status="PASS" signature="hangouts()[pri:0, instance:TestCases.Sample5Test@61dc03ce]" name="hangouts" duration-ms="0" started-at="2020-04-09T08:45:28Z" finished-at="2020-04-09T08:45:28Z">
          <reporter-output>
          </reporter-output>
        </test-method> <!-- hangouts -->
      </class> <!-- TestCases.Sample5Test -->
    </test> <!-- Test -->
  </suite> <!-- Suite (3) -->
  <suite name="Suite (2)" duration-ms="0" started-at="2020-04-09T03:15:28Z" finished-at="2020-04-09T03:15:28Z">
    <groups>
    </groups>
    <test name="Test" duration-ms="0" started-at="2020-04-09T03:15:28Z" finished-at="2020-04-09T03:15:28Z">
      <class name="TestCases.Sample3Test">
        <test-method status="PASS" signature="chengalpattu()[pri:0, instance:TestCases.Sample3Test@3551a94]" name="chengalpattu" duration-ms="0" started-at="2020-04-09T08:45:28Z" finished-at="2020-04-09T08:45:28Z">
          <reporter-output>
          </reporter-output>
        </test-method> <!-- chengalpattu -->
        <test-method status="PASS" signature="chennai()[pri:0, instance:TestCases.Sample3Test@3551a94]" name="chennai" duration-ms="0" started-at="2020-04-09T08:45:28Z" finished-at="2020-04-09T08:45:28Z">
          <reporter-output>
          </reporter-output>
        </test-method> <!-- chennai -->
      </class> <!-- TestCases.Sample3Test -->
    </test> <!-- Test -->
  </suite> <!-- Suite (2) -->
</testng-results>
