<?xml version="1.0" encoding="UTF-8"?>
<testng-results skipped="0" failed="0" total="2" passed="2">
  <reporter-output>
  </reporter-output>
  <suite name="Default suite" duration-ms="29" started-at="2020-04-09T18:19:34Z" finished-at="2020-04-09T18:19:34Z">
    <groups>
      <group name="smoke">
        <method signature="Sample5Test.hangouts()[pri:0, instance:TestCases.Sample5Test@643b1d11]" name="hangouts" class="TestCases.Sample5Test"/>
      </group> <!-- smoke -->
      <group name="sanity">
        <method signature="Sample5Test.facebook()[pri:0, instance:TestCases.Sample5Test@643b1d11]" name="facebook" class="TestCases.Sample5Test"/>
      </group> <!-- sanity -->
    </groups>
    <test name="Default test" duration-ms="29" started-at="2020-04-09T18:19:34Z" finished-at="2020-04-09T18:19:34Z">
      <class name="TestCases.Sample5Test">
        <test-method status="PASS" signature="facebook()[pri:0, instance:TestCases.Sample5Test@643b1d11]" name="facebook" duration-ms="9" started-at="2020-04-09T23:49:34Z" finished-at="2020-04-09T23:49:34Z">
          <reporter-output>
          </reporter-output>
        </test-method> <!-- facebook -->
        <test-method status="PASS" signature="hangouts()[pri:0, instance:TestCases.Sample5Test@643b1d11]" name="hangouts" duration-ms="1" started-at="2020-04-09T23:49:34Z" finished-at="2020-04-09T23:49:34Z">
          <reporter-output>
          </reporter-output>
        </test-method> <!-- hangouts -->
      </class> <!-- TestCases.Sample5Test -->
    </test> <!-- Default test -->
  </suite> <!-- Default suite -->
</testng-results>
