<?xml version="1.0" encoding="UTF-8"?>
<testng-results skipped="0" failed="0" total="1" passed="1">
  <reporter-output>
  </reporter-output>
  <suite name="Default suite" duration-ms="14371" started-at="2020-04-06T08:54:21Z" finished-at="2020-04-06T08:54:35Z">
    <groups>
    </groups>
    <test name="Default test" duration-ms="14371" started-at="2020-04-06T08:54:21Z" finished-at="2020-04-06T08:54:35Z">
      <class name="TestCases.Sample1Test">
        <test-method status="PASS" signature="mango()[pri:0, instance:TestCases.Sample1Test@1753acfe]" name="mango" is-config="true" duration-ms="6974" started-at="2020-04-06T14:24:21Z" finished-at="2020-04-06T14:24:28Z">
          <reporter-output>
          </reporter-output>
        </test-method> <!-- mango -->
        <test-method status="PASS" signature="orange()[pri:0, instance:TestCases.Sample1Test@1753acfe]" name="orange" is-config="true" duration-ms="7369" started-at="2020-04-06T14:24:28Z" finished-at="2020-04-06T14:24:35Z">
          <reporter-output>
          </reporter-output>
        </test-method> <!-- orange -->
        <test-method status="PASS" signature="apple()[pri:0, instance:TestCases.Sample1Test@1753acfe]" name="apple" duration-ms="5" started-at="2020-04-06T14:24:35Z" finished-at="2020-04-06T14:24:35Z">
          <reporter-output>
          </reporter-output>
        </test-method> <!-- apple -->
        <test-method status="PASS" signature="grapes()[pri:0, instance:TestCases.Sample1Test@1753acfe]" name="grapes" is-config="true" duration-ms="16" started-at="2020-04-06T14:24:35Z" finished-at="2020-04-06T14:24:35Z">
          <reporter-output>
          </reporter-output>
        </test-method> <!-- grapes -->
        <test-method status="PASS" signature="lussy()[pri:0, instance:TestCases.Sample1Test@1753acfe]" name="lussy" is-config="true" duration-ms="4344" started-at="2020-04-06T14:24:35Z" finished-at="2020-04-06T14:24:40Z">
          <reporter-output>
          </reporter-output>
        </test-method> <!-- lussy -->
      </class> <!-- TestCases.Sample1Test -->
    </test> <!-- Default test -->
  </suite> <!-- Default suite -->
</testng-results>
